2020-02-17 14:15:05,645 - mylog - WARNING - '新浪k15' 'SH000001'数据和日线数据不一致
2020-02-17 14:15:05,647 - mylog - WARNING -     日线数据:[2.50651e+10 2.89987e+03 2.92694e+03 2.89957e+03 2.91701e+03]
2020-02-17 14:15:05,647 - mylog - WARNING -     k15计算数据:[2.55243745e+10 2.89986600e+03 2.92687100e+03 2.89957400e+03
 2.91700800e+03]
2020-02-17 14:15:05,650 - mylog - WARNING -     k15原始数据:[[3.7543439e+09 2.8998660e+03 2.9123630e+03 2.8997710e+03 2.9106700e+03]
 [2.1063994e+09 2.9109790e+03 2.9123250e+03 2.9047970e+03 2.9099790e+03]
 [1.7297602e+09 2.9098250e+03 2.9114980e+03 2.9016320e+03 2.9056440e+03]
 [1.3516682e+09 2.9060850e+03 2.9118120e+03 2.9057560e+03 2.9097720e+03]
 [1.4165907e+09 2.9097200e+03 2.9161940e+03 2.9092420e+03 2.9155720e+03]
 [1.5701076e+09 2.9153130e+03 2.9247050e+03 2.9148830e+03 2.9247050e+03]
 [1.5370173e+09 2.9245430e+03 2.9264100e+03 2.9196740e+03 2.9224110e+03]
 [1.4637146e+09 2.9225490e+03 2.9268710e+03 2.9208140e+03 2.9208140e+03]
 [1.2872431e+09 2.9212690e+03 2.9241160e+03 2.9193600e+03 2.9205730e+03]
 [1.2070741e+09 2.9201330e+03 2.9201530e+03 2.9160460e+03 2.9165720e+03]
 [1.3448594e+09 2.9168020e+03 2.9168020e+03 2.9097260e+03 2.9141000e+03]
 [9.9627890e+08 2.9142970e+03 2.9179660e+03 2.9136410e+03 2.9149700e+03]
 [1.1153205e+09 2.9146040e+03 2.9165320e+03 2.9094560e+03 2.9108610e+03]
 [1.5639708e+09 2.9105730e+03 2.9114440e+03 2.8995740e+03 2.9049130e+03]
 [1.1668647e+09 2.9052310e+03 2.9112910e+03 2.9051580e+03 2.9092940e+03]
 [1.9131611e+09 2.9093160e+03 2.9172080e+03 2.9089760e+03 2.9170080e+03]]
2020-02-17 14:15:05,651 - mylog - WARNING -     偏差:[1.01832327 0.99999862 0.99997643 1.00000138 0.99999931]
